C51 COMPILER V9.60.7.0   BUTTON                                                            08/10/2024 22:07:54 PAGE 1   


C51 COMPILER V9.60.7.0, COMPILATION OF MODULE BUTTON
OBJECT MODULE PLACED IN .\Objects\button.obj
COMPILER INVOKED BY: C:\Keil_v5\C51\BIN\C51.EXE button.c OPTIMIZE(8,SPEED) BROWSE DEBUG OBJECTEXTEND PRINT(.\Listings\bu
                    -tton.lst) TABS(2) OBJECT(.\Objects\button.obj)

line level    source

   1          #include <reg51.h>
   2          sbit led=P2^3;
   3          sbit sWitch=P2^4;
   4          void main(void){
   5   1        P2=0x00;h
   6   1        while(1){
*** ERROR C202 IN LINE 6 OF button.c: 'h': undefined identifier
*** ERROR C141 IN LINE 6 OF button.c: syntax error near 'while', expected ';'
   7   2          if (sWitch==0){
   8   3            led=0;
   9   3          }
  10   2          else
  11   2            led=1;  
  12   2          }
  13   1        }     
  14          }
*** ERROR C141 IN LINE 14 OF button.c: syntax error near '}', expected 'hdata'

C51 COMPILATION COMPLETE.  0 WARNING(S),  3 ERROR(S)
