C51 COMPILER V9.60.7.0   RELAY                                                             08/11/2024 01:59:54 PAGE 1   


C51 COMPILER V9.60.7.0, COMPILATION OF MODULE RELAY
OBJECT MODULE PLACED IN .\Objects\relay.obj
COMPILER INVOKED BY: C:\Keil_v5\C51\BIN\C51.EXE relay.c OPTIMIZE(8,SPEED) BROWSE DEBUG OBJECTEXTEND PRINT(.\Listings\rel
                    -ay.lst) TABS(2) OBJECT(.\Objects\relay.obj)

line level    source

   1          #include <reg51.h>
   2          sbit relay=P2^3;
   3          sbit switcH=P1^3;
   4          sbit led=P1^4;
   5          void main(void){
   6   1        led=0;
   7   1        while(1){
   8   2          relay=switcH?0:1;
   9   2          led=switcH?0:1;
  10   2        }
  11   1      }


MODULE INFORMATION:   STATIC OVERLAYABLE
   CODE SIZE        =     22    ----
   CONSTANT SIZE    =   ----    ----
   XDATA SIZE       =   ----    ----
   PDATA SIZE       =   ----    ----
   DATA SIZE        =   ----    ----
   IDATA SIZE       =   ----    ----
   BIT SIZE         =   ----    ----
END OF MODULE INFORMATION.


C51 COMPILATION COMPLETE.  0 WARNING(S),  0 ERROR(S)
